<?xml version="1.0" encoding="UTF-8"?>
<coverage generated="1582998025924" clover="3.2.0">
  <project timestamp="1582998025925" name="All files">
    <metrics statements="265" coveredstatements="42" conditionals="30" coveredconditionals="4" methods="74" coveredmethods="11" elements="369" coveredelements="57" complexity="0" loc="265" ncloc="265" packages="8" files="24" classes="24"/>
    <package name="src">
      <metrics statements="25" coveredstatements="10" conditionals="8" coveredconditionals="4" methods="4" coveredmethods="3"/>
      <file name="Example.js" path="/home/amanullah/MUH RIFQI AMANULLAH/FLUTTER/HAPI-JS AND FLUTTER/Latihan-hapiJS/src/Example.js">
        <metrics statements="3" coveredstatements="3" conditionals="2" coveredconditionals="2" methods="1" coveredmethods="1"/>
        <line num="1" count="1" type="stmt"/>
        <line num="2" count="3" type="cond" truecount="2" falsecount="0"/>
        <line num="5" count="1" type="stmt"/>
      </file>
      <file name="api.js" path="/home/amanullah/MUH RIFQI AMANULLAH/FLUTTER/HAPI-JS AND FLUTTER/Latihan-hapiJS/src/api.js">
        <metrics statements="15" coveredstatements="3" conditionals="2" coveredconditionals="0" methods="2" coveredmethods="1"/>
        <line num="7" count="5" type="stmt"/>
        <line num="8" count="0" type="stmt"/>
        <line num="9" count="0" type="stmt"/>
        <line num="13" count="14" type="stmt"/>
        <line num="14" count="14" type="stmt"/>
        <line num="15" count="0" type="stmt"/>
        <line num="22" count="0" type="stmt"/>
        <line num="23" count="0" type="stmt"/>
        <line num="25" count="0" type="stmt"/>
        <line num="27" count="0" type="cond" truecount="0" falsecount="2"/>
        <line num="28" count="0" type="stmt"/>
        <line num="29" count="0" type="stmt"/>
        <line num="30" count="0" type="stmt"/>
        <line num="31" count="0" type="stmt"/>
        <line num="33" count="0" type="stmt"/>
      </file>
      <file name="config.js" path="/home/amanullah/MUH RIFQI AMANULLAH/FLUTTER/HAPI-JS AND FLUTTER/Latihan-hapiJS/src/config.js">
        <metrics statements="7" coveredstatements="4" conditionals="4" coveredconditionals="2" methods="1" coveredmethods="1"/>
        <line num="5" count="14" type="cond" truecount="1" falsecount="1"/>
        <line num="6" count="14" type="stmt"/>
        <line num="8" count="0" type="stmt"/>
        <line num="11" count="14" type="cond" truecount="1" falsecount="1"/>
        <line num="12" count="0" type="stmt"/>
        <line num="13" count="0" type="stmt"/>
        <line num="15" count="14" type="stmt"/>
      </file>
    </package>
    <package name="src.config">
      <metrics statements="7" coveredstatements="1" conditionals="2" coveredconditionals="0" methods="1" coveredmethods="0"/>
      <file name="auth.validate.js" path="/home/amanullah/MUH RIFQI AMANULLAH/FLUTTER/HAPI-JS AND FLUTTER/Latihan-hapiJS/src/config/auth.validate.js">
        <metrics statements="7" coveredstatements="1" conditionals="2" coveredconditionals="0" methods="1" coveredmethods="0"/>
        <line num="3" count="5" type="stmt"/>
        <line num="4" count="0" type="stmt"/>
        <line num="5" count="0" type="cond" truecount="0" falsecount="2"/>
        <line num="6" count="0" type="stmt"/>
        <line num="9" count="0" type="stmt"/>
        <line num="10" count="0" type="stmt"/>
        <line num="11" count="0" type="stmt"/>
      </file>
    </package>
    <package name="src.db">
      <metrics statements="3" coveredstatements="2" conditionals="0" coveredconditionals="0" methods="1" coveredmethods="1"/>
      <file name="connection.js" path="/home/amanullah/MUH RIFQI AMANULLAH/FLUTTER/HAPI-JS AND FLUTTER/Latihan-hapiJS/src/db/connection.js">
        <metrics statements="3" coveredstatements="2" conditionals="0" coveredconditionals="0" methods="1" coveredmethods="1"/>
        <line num="4" count="5" type="stmt"/>
        <line num="5" count="14" type="stmt"/>
        <line num="28" count="0" type="stmt"/>
      </file>
      <file name="entities.js" path="/home/amanullah/MUH RIFQI AMANULLAH/FLUTTER/HAPI-JS AND FLUTTER/Latihan-hapiJS/src/db/entities.js">
        <metrics statements="0" coveredstatements="0" conditionals="0" coveredconditionals="0" methods="0" coveredmethods="0"/>
      </file>
    </package>
    <package name="src.db.schema">
      <metrics statements="5" coveredstatements="4" conditionals="0" coveredconditionals="0" methods="1" coveredmethods="0"/>
      <file name="genre.schema.js" path="/home/amanullah/MUH RIFQI AMANULLAH/FLUTTER/HAPI-JS AND FLUTTER/Latihan-hapiJS/src/db/schema/genre.schema.js">
        <metrics statements="1" coveredstatements="1" conditionals="0" coveredconditionals="0" methods="0" coveredmethods="0"/>
        <line num="4" count="5" type="stmt"/>
      </file>
      <file name="singer.schema.js" path="/home/amanullah/MUH RIFQI AMANULLAH/FLUTTER/HAPI-JS AND FLUTTER/Latihan-hapiJS/src/db/schema/singer.schema.js">
        <metrics statements="2" coveredstatements="1" conditionals="0" coveredconditionals="0" methods="1" coveredmethods="0"/>
        <line num="3" count="5" type="stmt"/>
        <line num="28" count="0" type="stmt"/>
      </file>
      <file name="song.schema.js" path="/home/amanullah/MUH RIFQI AMANULLAH/FLUTTER/HAPI-JS AND FLUTTER/Latihan-hapiJS/src/db/schema/song.schema.js">
        <metrics statements="1" coveredstatements="1" conditionals="0" coveredconditionals="0" methods="0" coveredmethods="0"/>
        <line num="4" count="5" type="stmt"/>
      </file>
      <file name="user.schema.js" path="/home/amanullah/MUH RIFQI AMANULLAH/FLUTTER/HAPI-JS AND FLUTTER/Latihan-hapiJS/src/db/schema/user.schema.js">
        <metrics statements="1" coveredstatements="1" conditionals="0" coveredconditionals="0" methods="0" coveredmethods="0"/>
        <line num="4" count="5" type="stmt"/>
      </file>
    </package>
    <package name="src.model">
      <metrics statements="16" coveredstatements="0" conditionals="0" coveredconditionals="0" methods="4" coveredmethods="0"/>
      <file name="genre.model.js" path="/home/amanullah/MUH RIFQI AMANULLAH/FLUTTER/HAPI-JS AND FLUTTER/Latihan-hapiJS/src/model/genre.model.js">
        <metrics statements="3" coveredstatements="0" conditionals="0" coveredconditionals="0" methods="1" coveredmethods="0"/>
        <line num="3" count="0" type="stmt"/>
        <line num="4" count="0" type="stmt"/>
        <line num="5" count="0" type="stmt"/>
      </file>
      <file name="singer.model.js" path="/home/amanullah/MUH RIFQI AMANULLAH/FLUTTER/HAPI-JS AND FLUTTER/Latihan-hapiJS/src/model/singer.model.js">
        <metrics statements="5" coveredstatements="0" conditionals="0" coveredconditionals="0" methods="1" coveredmethods="0"/>
        <line num="3" count="0" type="stmt"/>
        <line num="4" count="0" type="stmt"/>
        <line num="5" count="0" type="stmt"/>
        <line num="6" count="0" type="stmt"/>
        <line num="7" count="0" type="stmt"/>
      </file>
      <file name="song.model.js" path="/home/amanullah/MUH RIFQI AMANULLAH/FLUTTER/HAPI-JS AND FLUTTER/Latihan-hapiJS/src/model/song.model.js">
        <metrics statements="3" coveredstatements="0" conditionals="0" coveredconditionals="0" methods="1" coveredmethods="0"/>
        <line num="5" count="0" type="stmt"/>
        <line num="6" count="0" type="stmt"/>
        <line num="7" count="0" type="stmt"/>
      </file>
      <file name="user.model.js" path="/home/amanullah/MUH RIFQI AMANULLAH/FLUTTER/HAPI-JS AND FLUTTER/Latihan-hapiJS/src/model/user.model.js">
        <metrics statements="5" coveredstatements="0" conditionals="0" coveredconditionals="0" methods="1" coveredmethods="0"/>
        <line num="3" count="0" type="stmt"/>
        <line num="4" count="0" type="stmt"/>
        <line num="5" count="0" type="stmt"/>
        <line num="6" count="0" type="stmt"/>
        <line num="7" count="0" type="stmt"/>
      </file>
    </package>
    <package name="src.routes">
      <metrics statements="0" coveredstatements="0" conditionals="0" coveredconditionals="0" methods="0" coveredmethods="0"/>
      <file name="index.js" path="/home/amanullah/MUH RIFQI AMANULLAH/FLUTTER/HAPI-JS AND FLUTTER/Latihan-hapiJS/src/routes/index.js">
        <metrics statements="0" coveredstatements="0" conditionals="0" coveredconditionals="0" methods="0" coveredmethods="0"/>
      </file>
    </package>
    <package name="src.routes.landing">
      <metrics statements="163" coveredstatements="14" conditionals="16" coveredconditionals="0" methods="39" coveredmethods="0"/>
      <file name="genre.landing.js" path="/home/amanullah/MUH RIFQI AMANULLAH/FLUTTER/HAPI-JS AND FLUTTER/Latihan-hapiJS/src/routes/landing/genre.landing.js">
        <metrics statements="39" coveredstatements="3" conditionals="4" coveredconditionals="0" methods="9" coveredmethods="0"/>
        <line num="3" count="5" type="stmt"/>
        <line num="7" count="5" type="stmt"/>
        <line num="8" count="5" type="stmt"/>
        <line num="13" count="0" type="stmt"/>
        <line num="24" count="0" type="stmt"/>
        <line num="25" count="0" type="stmt"/>
        <line num="26" count="0" type="stmt"/>
        <line num="39" count="0" type="stmt"/>
        <line num="40" count="0" type="stmt"/>
        <line num="41" count="0" type="stmt"/>
        <line num="42" count="0" type="stmt"/>
        <line num="60" count="0" type="stmt"/>
        <line num="61" count="0" type="stmt"/>
        <line num="62" count="0" type="stmt"/>
        <line num="63" count="0" type="stmt"/>
        <line num="64" count="0" type="cond" truecount="0" falsecount="2"/>
        <line num="65" count="0" type="stmt"/>
        <line num="66" count="0" type="stmt"/>
        <line num="67" count="0" type="stmt"/>
        <line num="68" count="0" type="stmt"/>
        <line num="69" count="0" type="stmt"/>
        <line num="70" count="0" type="stmt"/>
        <line num="71" count="0" type="stmt"/>
        <line num="74" count="0" type="stmt"/>
        <line num="78" count="0" type="stmt"/>
        <line num="92" count="0" type="stmt"/>
        <line num="93" count="0" type="stmt"/>
        <line num="94" count="0" type="stmt"/>
        <line num="95" count="0" type="stmt"/>
        <line num="96" count="0" type="cond" truecount="0" falsecount="2"/>
        <line num="97" count="0" type="stmt"/>
        <line num="98" count="0" type="stmt"/>
        <line num="99" count="0" type="stmt"/>
        <line num="100" count="0" type="stmt"/>
        <line num="101" count="0" type="stmt"/>
        <line num="102" count="0" type="stmt"/>
        <line num="103" count="0" type="stmt"/>
        <line num="106" count="0" type="stmt"/>
        <line num="110" count="0" type="stmt"/>
      </file>
      <file name="index.js" path="/home/amanullah/MUH RIFQI AMANULLAH/FLUTTER/HAPI-JS AND FLUTTER/Latihan-hapiJS/src/routes/landing/index.js">
        <metrics statements="2" coveredstatements="1" conditionals="0" coveredconditionals="0" methods="1" coveredmethods="0"/>
        <line num="1" count="5" type="stmt"/>
        <line num="5" count="0" type="stmt"/>
      </file>
      <file name="singer.landing.js" path="/home/amanullah/MUH RIFQI AMANULLAH/FLUTTER/HAPI-JS AND FLUTTER/Latihan-hapiJS/src/routes/landing/singer.landing.js">
        <metrics statements="41" coveredstatements="3" conditionals="4" coveredconditionals="0" methods="10" coveredmethods="0"/>
        <line num="3" count="5" type="stmt"/>
        <line num="6" count="5" type="stmt"/>
        <line num="7" count="5" type="stmt"/>
        <line num="12" count="0" type="stmt"/>
        <line num="24" count="0" type="stmt"/>
        <line num="25" count="0" type="stmt"/>
        <line num="26" count="0" type="stmt"/>
        <line num="38" count="0" type="stmt"/>
        <line num="39" count="0" type="stmt"/>
        <line num="40" count="0" type="stmt"/>
        <line num="53" count="0" type="stmt"/>
        <line num="54" count="0" type="stmt"/>
        <line num="55" count="0" type="stmt"/>
        <line num="76" count="0" type="stmt"/>
        <line num="77" count="0" type="stmt"/>
        <line num="78" count="0" type="stmt"/>
        <line num="79" count="0" type="stmt"/>
        <line num="80" count="0" type="cond" truecount="0" falsecount="2"/>
        <line num="81" count="0" type="stmt"/>
        <line num="82" count="0" type="stmt"/>
        <line num="83" count="0" type="stmt"/>
        <line num="84" count="0" type="stmt"/>
        <line num="85" count="0" type="stmt"/>
        <line num="86" count="0" type="stmt"/>
        <line num="87" count="0" type="stmt"/>
        <line num="90" count="0" type="stmt"/>
        <line num="94" count="0" type="stmt"/>
        <line num="108" count="0" type="stmt"/>
        <line num="109" count="0" type="stmt"/>
        <line num="110" count="0" type="stmt"/>
        <line num="111" count="0" type="stmt"/>
        <line num="112" count="0" type="cond" truecount="0" falsecount="2"/>
        <line num="113" count="0" type="stmt"/>
        <line num="114" count="0" type="stmt"/>
        <line num="115" count="0" type="stmt"/>
        <line num="116" count="0" type="stmt"/>
        <line num="117" count="0" type="stmt"/>
        <line num="118" count="0" type="stmt"/>
        <line num="119" count="0" type="stmt"/>
        <line num="122" count="0" type="stmt"/>
        <line num="126" count="0" type="stmt"/>
      </file>
      <file name="song.landing.js" path="/home/amanullah/MUH RIFQI AMANULLAH/FLUTTER/HAPI-JS AND FLUTTER/Latihan-hapiJS/src/routes/landing/song.landing.js">
        <metrics statements="41" coveredstatements="3" conditionals="4" coveredconditionals="0" methods="10" coveredmethods="0"/>
        <line num="4" count="5" type="stmt"/>
        <line num="6" count="5" type="stmt"/>
        <line num="7" count="5" type="stmt"/>
        <line num="12" count="0" type="stmt"/>
        <line num="24" count="0" type="stmt"/>
        <line num="25" count="0" type="stmt"/>
        <line num="26" count="0" type="stmt"/>
        <line num="38" count="0" type="stmt"/>
        <line num="39" count="0" type="stmt"/>
        <line num="40" count="0" type="stmt"/>
        <line num="53" count="0" type="stmt"/>
        <line num="54" count="0" type="stmt"/>
        <line num="55" count="0" type="stmt"/>
        <line num="75" count="0" type="stmt"/>
        <line num="76" count="0" type="stmt"/>
        <line num="77" count="0" type="stmt"/>
        <line num="78" count="0" type="stmt"/>
        <line num="79" count="0" type="cond" truecount="0" falsecount="2"/>
        <line num="80" count="0" type="stmt"/>
        <line num="81" count="0" type="stmt"/>
        <line num="82" count="0" type="stmt"/>
        <line num="83" count="0" type="stmt"/>
        <line num="84" count="0" type="stmt"/>
        <line num="85" count="0" type="stmt"/>
        <line num="86" count="0" type="stmt"/>
        <line num="89" count="0" type="stmt"/>
        <line num="93" count="0" type="stmt"/>
        <line num="107" count="0" type="stmt"/>
        <line num="108" count="0" type="stmt"/>
        <line num="109" count="0" type="stmt"/>
        <line num="110" count="0" type="stmt"/>
        <line num="111" count="0" type="cond" truecount="0" falsecount="2"/>
        <line num="112" count="0" type="stmt"/>
        <line num="113" count="0" type="stmt"/>
        <line num="114" count="0" type="stmt"/>
        <line num="115" count="0" type="stmt"/>
        <line num="116" count="0" type="stmt"/>
        <line num="117" count="0" type="stmt"/>
        <line num="118" count="0" type="stmt"/>
        <line num="121" count="0" type="stmt"/>
        <line num="125" count="0" type="stmt"/>
      </file>
      <file name="user.landing.js" path="/home/amanullah/MUH RIFQI AMANULLAH/FLUTTER/HAPI-JS AND FLUTTER/Latihan-hapiJS/src/routes/landing/user.landing.js">
        <metrics statements="40" coveredstatements="4" conditionals="4" coveredconditionals="0" methods="9" coveredmethods="0"/>
        <line num="2" count="5" type="stmt"/>
        <line num="3" count="5" type="stmt"/>
        <line num="4" count="5" type="stmt"/>
        <line num="5" count="5" type="stmt"/>
        <line num="10" count="0" type="stmt"/>
        <line num="22" count="0" type="stmt"/>
        <line num="23" count="0" type="stmt"/>
        <line num="24" count="0" type="stmt"/>
        <line num="50" count="0" type="stmt"/>
        <line num="51" count="0" type="stmt"/>
        <line num="52" count="0" type="stmt"/>
        <line num="72" count="0" type="stmt"/>
        <line num="73" count="0" type="stmt"/>
        <line num="74" count="0" type="stmt"/>
        <line num="75" count="0" type="stmt"/>
        <line num="76" count="0" type="stmt"/>
        <line num="77" count="0" type="cond" truecount="0" falsecount="2"/>
        <line num="78" count="0" type="stmt"/>
        <line num="79" count="0" type="stmt"/>
        <line num="80" count="0" type="stmt"/>
        <line num="81" count="0" type="stmt"/>
        <line num="82" count="0" type="stmt"/>
        <line num="83" count="0" type="stmt"/>
        <line num="84" count="0" type="stmt"/>
        <line num="87" count="0" type="stmt"/>
        <line num="91" count="0" type="stmt"/>
        <line num="105" count="0" type="stmt"/>
        <line num="106" count="0" type="stmt"/>
        <line num="107" count="0" type="stmt"/>
        <line num="108" count="0" type="stmt"/>
        <line num="109" count="0" type="cond" truecount="0" falsecount="2"/>
        <line num="110" count="0" type="stmt"/>
        <line num="111" count="0" type="stmt"/>
        <line num="112" count="0" type="stmt"/>
        <line num="113" count="0" type="stmt"/>
        <line num="114" count="0" type="stmt"/>
        <line num="115" count="0" type="stmt"/>
        <line num="116" count="0" type="stmt"/>
        <line num="119" count="0" type="stmt"/>
        <line num="123" count="0" type="stmt"/>
      </file>
    </package>
    <package name="src.services">
      <metrics statements="46" coveredstatements="11" conditionals="4" coveredconditionals="0" methods="24" coveredmethods="7"/>
      <file name="genre.service.js" path="/home/amanullah/MUH RIFQI AMANULLAH/FLUTTER/HAPI-JS AND FLUTTER/Latihan-hapiJS/src/services/genre.service.js">
        <metrics statements="7" coveredstatements="2" conditionals="0" coveredconditionals="0" methods="5" coveredmethods="2"/>
        <line num="6" count="4" type="stmt"/>
        <line num="10" count="0" type="stmt"/>
        <line num="14" count="0" type="stmt"/>
        <line num="18" count="2" type="stmt"/>
        <line num="22" count="0" type="stmt"/>
        <line num="23" count="0" type="stmt"/>
        <line num="24" count="0" type="stmt"/>
      </file>
      <file name="singer.service.js" path="/home/amanullah/MUH RIFQI AMANULLAH/FLUTTER/HAPI-JS AND FLUTTER/Latihan-hapiJS/src/services/singer.service.js">
        <metrics statements="13" coveredstatements="2" conditionals="2" coveredconditionals="0" methods="6" coveredmethods="2"/>
        <line num="6" count="4" type="stmt"/>
        <line num="10" count="0" type="stmt"/>
        <line num="14" count="0" type="stmt"/>
        <line num="15" count="0" type="cond" truecount="0" falsecount="2"/>
        <line num="16" count="0" type="stmt"/>
        <line num="20" count="2" type="stmt"/>
        <line num="24" count="0" type="stmt"/>
        <line num="25" count="0" type="stmt"/>
        <line num="26" count="0" type="stmt"/>
        <line num="29" count="0" type="stmt"/>
        <line num="30" count="0" type="stmt"/>
        <line num="34" count="0" type="stmt"/>
        <line num="35" count="0" type="stmt"/>
      </file>
      <file name="song.servce.js" path="/home/amanullah/MUH RIFQI AMANULLAH/FLUTTER/HAPI-JS AND FLUTTER/Latihan-hapiJS/src/services/song.servce.js">
        <metrics statements="11" coveredstatements="0" conditionals="0" coveredconditionals="0" methods="6" coveredmethods="0"/>
        <line num="6" count="0" type="stmt"/>
        <line num="10" count="0" type="stmt"/>
        <line num="13" count="0" type="stmt"/>
        <line num="16" count="0" type="stmt"/>
        <line num="19" count="0" type="stmt"/>
        <line num="20" count="0" type="stmt"/>
        <line num="21" count="0" type="stmt"/>
        <line num="24" count="0" type="stmt"/>
        <line num="25" count="0" type="stmt"/>
        <line num="29" count="0" type="stmt"/>
        <line num="30" count="0" type="stmt"/>
      </file>
      <file name="user.service.js" path="/home/amanullah/MUH RIFQI AMANULLAH/FLUTTER/HAPI-JS AND FLUTTER/Latihan-hapiJS/src/services/user.service.js">
        <metrics statements="15" coveredstatements="7" conditionals="2" coveredconditionals="0" methods="7" coveredmethods="3"/>
        <line num="9" count="1" type="stmt"/>
        <line num="10" count="1" type="stmt"/>
        <line num="15" count="4" type="stmt"/>
        <line num="18" count="0" type="stmt"/>
        <line num="21" count="0" type="stmt"/>
        <line num="24" count="0" type="stmt"/>
        <line num="27" count="1" type="stmt"/>
        <line num="28" count="1" type="stmt"/>
        <line num="29" count="1" type="stmt"/>
        <line num="30" count="1" type="stmt"/>
        <line num="31" count="0" type="cond" truecount="0" falsecount="2"/>
        <line num="32" count="0" type="stmt"/>
        <line num="35" count="0" type="stmt"/>
        <line num="36" count="0" type="stmt"/>
        <line num="37" count="0" type="stmt"/>
      </file>
    </package>
  </project>
</coverage>
