{"/home/amanullah/MUH RIFQI AMANULLAH/FLUTTER/HAPI-JS AND FLUTTER/Latihan-hapiJS/src/Example.js": {"path":"/home/amanullah/MUH RIFQI AMANULLAH/FLUTTER/HAPI-JS AND FLUTTER/Latihan-hapiJS/src/Example.js","statementMap":{"0":{"start":{"line":1,"column":15},"end":{"line":3,"column":1}},"1":{"start":{"line":2,"column":0},"end":{"line":2,"column":37}},"2":{"start":{"line":5,"column":0},"end":{"line":5,"column":31}}},"fnMap":{"0":{"name":"(anonymous_0)","decl":{"start":{"line":1,"column":15},"end":{"line":1,"column":16}},"loc":{"start":{"line":1,"column":27},"end":{"line":3,"column":1}},"line":1}},"branchMap":{"0":{"loc":{"start":{"line":2,"column":7},"end":{"line":2,"column":36}},"type":"cond-expr","locations":[{"start":{"line":2,"column":21},"end":{"line":2,"column":27}},{"start":{"line":2,"column":29},"end":{"line":2,"column":36}}],"line":2}},"s":{"0":1,"1":3,"2":1},"f":{"0":3},"b":{"0":[2,1]},"_coverageSchema":"43e27e138ebf9cfc5966b082cf9a028302ed4184","hash":"63257f93c41c38515d33deb43140ffdc442be222"}
,"/home/amanullah/MUH RIFQI AMANULLAH/FLUTTER/HAPI-JS AND FLUTTER/Latihan-hapiJS/src/api.js": {"path":"/home/amanullah/MUH RIFQI AMANULLAH/FLUTTER/HAPI-JS AND FLUTTER/Latihan-hapiJS/src/api.js","statementMap":{"0":{"start":{"line":7,"column":0},"end":{"line":10,"column":3}},"1":{"start":{"line":8,"column":4},"end":{"line":8,"column":21}},"2":{"start":{"line":9,"column":4},"end":{"line":9,"column":20}},"3":{"start":{"line":13,"column":4},"end":{"line":13,"column":16}},"4":{"start":{"line":14,"column":23},"end":{"line":14,"column":47}},"5":{"start":{"line":15,"column":19},"end":{"line":20,"column":6}},"6":{"start":{"line":22,"column":4},"end":{"line":22,"column":50}},"7":{"start":{"line":23,"column":4},"end":{"line":23,"column":56}},"8":{"start":{"line":25,"column":4},"end":{"line":25,"column":25}},"9":{"start":{"line":27,"column":4},"end":{"line":32,"column":5}},"10":{"start":{"line":28,"column":8},"end":{"line":28,"column":29}},"11":{"start":{"line":29,"column":8},"end":{"line":29,"column":65}},"12":{"start":{"line":30,"column":8},"end":{"line":30,"column":40}},"13":{"start":{"line":31,"column":8},"end":{"line":31,"column":83}},"14":{"start":{"line":33,"column":4},"end":{"line":33,"column":27}}},"fnMap":{"0":{"name":"(anonymous_0)","decl":{"start":{"line":7,"column":33},"end":{"line":7,"column":34}},"loc":{"start":{"line":7,"column":42},"end":{"line":10,"column":1}},"line":7},"1":{"name":"(anonymous_1)","decl":{"start":{"line":12,"column":15},"end":{"line":12,"column":16}},"loc":{"start":{"line":12,"column":27},"end":{"line":34,"column":1}},"line":12}},"branchMap":{"0":{"loc":{"start":{"line":27,"column":4},"end":{"line":32,"column":5}},"type":"if","locations":[{"start":{"line":27,"column":4},"end":{"line":32,"column":5}},{"start":{"line":27,"column":4},"end":{"line":32,"column":5}}],"line":27}},"s":{"0":5,"1":0,"2":0,"3":14,"4":14,"5":0,"6":0,"7":0,"8":0,"9":0,"10":0,"11":0,"12":0,"13":0,"14":0},"f":{"0":0,"1":14},"b":{"0":[0,0]},"_coverageSchema":"43e27e138ebf9cfc5966b082cf9a028302ed4184","hash":"87650cae00dfdd80439545480497540231fd1f7a"}
,"/home/amanullah/MUH RIFQI AMANULLAH/FLUTTER/HAPI-JS AND FLUTTER/Latihan-hapiJS/src/config.js": {"path":"/home/amanullah/MUH RIFQI AMANULLAH/FLUTTER/HAPI-JS AND FLUTTER/Latihan-hapiJS/src/config.js","statementMap":{"0":{"start":{"line":5,"column":4},"end":{"line":9,"column":5}},"1":{"start":{"line":6,"column":8},"end":{"line":6,"column":51}},"2":{"start":{"line":8,"column":8},"end":{"line":8,"column":24}},"3":{"start":{"line":11,"column":4},"end":{"line":14,"column":5}},"4":{"start":{"line":12,"column":8},"end":{"line":12,"column":81}},"5":{"start":{"line":13,"column":8},"end":{"line":13,"column":24}},"6":{"start":{"line":15,"column":4},"end":{"line":15,"column":55}}},"fnMap":{"0":{"name":"configure","decl":{"start":{"line":4,"column":24},"end":{"line":4,"column":33}},"loc":{"start":{"line":4,"column":36},"end":{"line":16,"column":1}},"line":4}},"branchMap":{"0":{"loc":{"start":{"line":5,"column":4},"end":{"line":9,"column":5}},"type":"if","locations":[{"start":{"line":5,"column":4},"end":{"line":9,"column":5}},{"start":{"line":5,"column":4},"end":{"line":9,"column":5}}],"line":5},"1":{"loc":{"start":{"line":11,"column":4},"end":{"line":14,"column":5}},"type":"if","locations":[{"start":{"line":11,"column":4},"end":{"line":14,"column":5}},{"start":{"line":11,"column":4},"end":{"line":14,"column":5}}],"line":11}},"s":{"0":14,"1":14,"2":0,"3":14,"4":0,"5":0,"6":14},"f":{"0":14},"b":{"0":[14,0],"1":[0,14]},"_coverageSchema":"43e27e138ebf9cfc5966b082cf9a028302ed4184","hash":"d512319ac33ea7ddb960c1f3491bdda7e7bb7ed6"}
,"/home/amanullah/MUH RIFQI AMANULLAH/FLUTTER/HAPI-JS AND FLUTTER/Latihan-hapiJS/src/config/auth.validate.js": {"path":"/home/amanullah/MUH RIFQI AMANULLAH/FLUTTER/HAPI-JS AND FLUTTER/Latihan-hapiJS/src/config/auth.validate.js","statementMap":{"0":{"start":{"line":3,"column":17},"end":{"line":12,"column":1}},"1":{"start":{"line":4,"column":17},"end":{"line":4,"column":65}},"2":{"start":{"line":5,"column":4},"end":{"line":7,"column":5}},"3":{"start":{"line":6,"column":8},"end":{"line":6,"column":47}},"4":{"start":{"line":9,"column":20},"end":{"line":9,"column":81}},"5":{"start":{"line":10,"column":24},"end":{"line":10,"column":60}},"6":{"start":{"line":11,"column":4},"end":{"line":11,"column":31}}},"fnMap":{"0":{"name":"(anonymous_0)","decl":{"start":{"line":3,"column":17},"end":{"line":3,"column":18}},"loc":{"start":{"line":3,"column":54},"end":{"line":12,"column":1}},"line":3}},"branchMap":{"0":{"loc":{"start":{"line":5,"column":4},"end":{"line":7,"column":5}},"type":"if","locations":[{"start":{"line":5,"column":4},"end":{"line":7,"column":5}},{"start":{"line":5,"column":4},"end":{"line":7,"column":5}}],"line":5}},"s":{"0":5,"1":0,"2":0,"3":0,"4":0,"5":0,"6":0},"f":{"0":0},"b":{"0":[0,0]},"_coverageSchema":"43e27e138ebf9cfc5966b082cf9a028302ed4184","hash":"fe91c3e8ef2b27579f5579661e9f5ab7a4bc847d"}
,"/home/amanullah/MUH RIFQI AMANULLAH/FLUTTER/HAPI-JS AND FLUTTER/Latihan-hapiJS/src/db/connection.js": {"path":"/home/amanullah/MUH RIFQI AMANULLAH/FLUTTER/HAPI-JS AND FLUTTER/Latihan-hapiJS/src/db/connection.js","statementMap":{"0":{"start":{"line":4,"column":25},"end":{"line":29,"column":1}},"1":{"start":{"line":5,"column":23},"end":{"line":27,"column":5}},"2":{"start":{"line":28,"column":4},"end":{"line":28,"column":22}}},"fnMap":{"0":{"name":"(anonymous_0)","decl":{"start":{"line":4,"column":25},"end":{"line":4,"column":26}},"loc":{"start":{"line":4,"column":37},"end":{"line":29,"column":1}},"line":4}},"branchMap":{},"s":{"0":5,"1":14,"2":0},"f":{"0":14},"b":{},"_coverageSchema":"43e27e138ebf9cfc5966b082cf9a028302ed4184","hash":"7dca79dc38ae65a19730394cc5623ba72b5083c7"}
,"/home/amanullah/MUH RIFQI AMANULLAH/FLUTTER/HAPI-JS AND FLUTTER/Latihan-hapiJS/src/db/entities.js": {"path":"/home/amanullah/MUH RIFQI AMANULLAH/FLUTTER/HAPI-JS AND FLUTTER/Latihan-hapiJS/src/db/entities.js","statementMap":{},"fnMap":{},"branchMap":{},"s":{},"f":{},"b":{},"_coverageSchema":"43e27e138ebf9cfc5966b082cf9a028302ed4184","hash":"f58a2ec32a85fe37392bc6fde6a6c329e173433f"}
,"/home/amanullah/MUH RIFQI AMANULLAH/FLUTTER/HAPI-JS AND FLUTTER/Latihan-hapiJS/src/db/schema/genre.schema.js": {"path":"/home/amanullah/MUH RIFQI AMANULLAH/FLUTTER/HAPI-JS AND FLUTTER/Latihan-hapiJS/src/db/schema/genre.schema.js","statementMap":{"0":{"start":{"line":4,"column":20},"end":{"line":37,"column":2}}},"fnMap":{},"branchMap":{},"s":{"0":5},"f":{},"b":{},"_coverageSchema":"43e27e138ebf9cfc5966b082cf9a028302ed4184","hash":"f18abfa18088fb5f08e0b60264251de4eee58201"}
,"/home/amanullah/MUH RIFQI AMANULLAH/FLUTTER/HAPI-JS AND FLUTTER/Latihan-hapiJS/src/db/schema/singer.schema.js": {"path":"/home/amanullah/MUH RIFQI AMANULLAH/FLUTTER/HAPI-JS AND FLUTTER/Latihan-hapiJS/src/db/schema/singer.schema.js","statementMap":{"0":{"start":{"line":3,"column":21},"end":{"line":52,"column":2}},"1":{"start":{"line":28,"column":26},"end":{"line":28,"column":45}}},"fnMap":{"0":{"name":"(anonymous_0)","decl":{"start":{"line":28,"column":20},"end":{"line":28,"column":21}},"loc":{"start":{"line":28,"column":26},"end":{"line":28,"column":45}},"line":28}},"branchMap":{},"s":{"0":5,"1":0},"f":{"0":0},"b":{},"_coverageSchema":"43e27e138ebf9cfc5966b082cf9a028302ed4184","hash":"5d0b3828e1608594099501fe86319dde25481c3c"}
,"/home/amanullah/MUH RIFQI AMANULLAH/FLUTTER/HAPI-JS AND FLUTTER/Latihan-hapiJS/src/db/schema/song.schema.js": {"path":"/home/amanullah/MUH RIFQI AMANULLAH/FLUTTER/HAPI-JS AND FLUTTER/Latihan-hapiJS/src/db/schema/song.schema.js","statementMap":{"0":{"start":{"line":4,"column":19},"end":{"line":34,"column":2}}},"fnMap":{},"branchMap":{},"s":{"0":5},"f":{},"b":{},"_coverageSchema":"43e27e138ebf9cfc5966b082cf9a028302ed4184","hash":"bba39549e9e3cd26ffead1e91169420a4ec1d488"}
,"/home/amanullah/MUH RIFQI AMANULLAH/FLUTTER/HAPI-JS AND FLUTTER/Latihan-hapiJS/src/db/schema/user.schema.js": {"path":"/home/amanullah/MUH RIFQI AMANULLAH/FLUTTER/HAPI-JS AND FLUTTER/Latihan-hapiJS/src/db/schema/user.schema.js","statementMap":{"0":{"start":{"line":4,"column":19},"end":{"line":47,"column":2}}},"fnMap":{},"branchMap":{},"s":{"0":5},"f":{},"b":{},"_coverageSchema":"43e27e138ebf9cfc5966b082cf9a028302ed4184","hash":"224d2590111b893c60dd6cd2a7974166322a17bb"}
,"/home/amanullah/MUH RIFQI AMANULLAH/FLUTTER/HAPI-JS AND FLUTTER/Latihan-hapiJS/src/model/genre.model.js": {"path":"/home/amanullah/MUH RIFQI AMANULLAH/FLUTTER/HAPI-JS AND FLUTTER/Latihan-hapiJS/src/model/genre.model.js","statementMap":{"0":{"start":{"line":3,"column":8},"end":{"line":3,"column":31}},"1":{"start":{"line":4,"column":8},"end":{"line":4,"column":35}},"2":{"start":{"line":5,"column":8},"end":{"line":5,"column":25}}},"fnMap":{"0":{"name":"(anonymous_0)","decl":{"start":{"line":2,"column":4},"end":{"line":2,"column":5}},"loc":{"start":{"line":2,"column":41},"end":{"line":6,"column":5}},"line":2}},"branchMap":{},"s":{"0":0,"1":0,"2":0},"f":{"0":0},"b":{},"_coverageSchema":"43e27e138ebf9cfc5966b082cf9a028302ed4184","hash":"f352207366a65f58e772e6b54c412d6a1c8b1f5a"}
,"/home/amanullah/MUH RIFQI AMANULLAH/FLUTTER/HAPI-JS AND FLUTTER/Latihan-hapiJS/src/model/singer.model.js": {"path":"/home/amanullah/MUH RIFQI AMANULLAH/FLUTTER/HAPI-JS AND FLUTTER/Latihan-hapiJS/src/model/singer.model.js","statementMap":{"0":{"start":{"line":3,"column":8},"end":{"line":3,"column":33}},"1":{"start":{"line":4,"column":8},"end":{"line":4,"column":37}},"2":{"start":{"line":5,"column":8},"end":{"line":5,"column":37}},"3":{"start":{"line":6,"column":8},"end":{"line":6,"column":35}},"4":{"start":{"line":7,"column":8},"end":{"line":7,"column":31}}},"fnMap":{"0":{"name":"(anonymous_0)","decl":{"start":{"line":2,"column":4},"end":{"line":2,"column":5}},"loc":{"start":{"line":2,"column":69},"end":{"line":9,"column":5}},"line":2}},"branchMap":{},"s":{"0":0,"1":0,"2":0,"3":0,"4":0},"f":{"0":0},"b":{},"_coverageSchema":"43e27e138ebf9cfc5966b082cf9a028302ed4184","hash":"22f0e4c5d44ee2e87a52b24c432e2d30bdc930dc"}
,"/home/amanullah/MUH RIFQI AMANULLAH/FLUTTER/HAPI-JS AND FLUTTER/Latihan-hapiJS/src/model/song.model.js": {"path":"/home/amanullah/MUH RIFQI AMANULLAH/FLUTTER/HAPI-JS AND FLUTTER/Latihan-hapiJS/src/model/song.model.js","statementMap":{"0":{"start":{"line":5,"column":8},"end":{"line":5,"column":29}},"1":{"start":{"line":6,"column":8},"end":{"line":6,"column":27}},"2":{"start":{"line":7,"column":8},"end":{"line":7,"column":31}}},"fnMap":{"0":{"name":"(anonymous_0)","decl":{"start":{"line":4,"column":4},"end":{"line":4,"column":5}},"loc":{"start":{"line":4,"column":39},"end":{"line":8,"column":5}},"line":4}},"branchMap":{},"s":{"0":0,"1":0,"2":0},"f":{"0":0},"b":{},"_coverageSchema":"43e27e138ebf9cfc5966b082cf9a028302ed4184","hash":"b7fc62ee7c467d808935ae24f7928155992824c0"}
,"/home/amanullah/MUH RIFQI AMANULLAH/FLUTTER/HAPI-JS AND FLUTTER/Latihan-hapiJS/src/model/user.model.js": {"path":"/home/amanullah/MUH RIFQI AMANULLAH/FLUTTER/HAPI-JS AND FLUTTER/Latihan-hapiJS/src/model/user.model.js","statementMap":{"0":{"start":{"line":3,"column":8},"end":{"line":3,"column":29}},"1":{"start":{"line":4,"column":8},"end":{"line":4,"column":25}},"2":{"start":{"line":5,"column":8},"end":{"line":5,"column":27}},"3":{"start":{"line":6,"column":8},"end":{"line":6,"column":33}},"4":{"start":{"line":7,"column":8},"end":{"line":7,"column":33}}},"fnMap":{"0":{"name":"(anonymous_0)","decl":{"start":{"line":2,"column":4},"end":{"line":2,"column":5}},"loc":{"start":{"line":2,"column":57},"end":{"line":8,"column":5}},"line":2}},"branchMap":{},"s":{"0":0,"1":0,"2":0,"3":0,"4":0},"f":{"0":0},"b":{},"_coverageSchema":"43e27e138ebf9cfc5966b082cf9a028302ed4184","hash":"c3c16c87136f321ecaea24a8e57dfce8bfe6ad67"}
,"/home/amanullah/MUH RIFQI AMANULLAH/FLUTTER/HAPI-JS AND FLUTTER/Latihan-hapiJS/src/routes/index.js": {"path":"/home/amanullah/MUH RIFQI AMANULLAH/FLUTTER/HAPI-JS AND FLUTTER/Latihan-hapiJS/src/routes/index.js","statementMap":{},"fnMap":{},"branchMap":{},"s":{},"f":{},"b":{},"_coverageSchema":"43e27e138ebf9cfc5966b082cf9a028302ed4184","hash":"c4557232ddf7a1e2694610d0d95174c02a81cd49"}
,"/home/amanullah/MUH RIFQI AMANULLAH/FLUTTER/HAPI-JS AND FLUTTER/Latihan-hapiJS/src/routes/landing/genre.landing.js": {"path":"/home/amanullah/MUH RIFQI AMANULLAH/FLUTTER/HAPI-JS AND FLUTTER/Latihan-hapiJS/src/routes/landing/genre.landing.js","statementMap":{"0":{"start":{"line":3,"column":12},"end":{"line":3,"column":32}},"1":{"start":{"line":7,"column":21},"end":{"line":7,"column":39}},"2":{"start":{"line":8,"column":14},"end":{"line":120,"column":1}},"3":{"start":{"line":13,"column":12},"end":{"line":17,"column":14}},"4":{"start":{"line":24,"column":24},"end":{"line":24,"column":43}},"5":{"start":{"line":25,"column":12},"end":{"line":25,"column":67}},"6":{"start":{"line":26,"column":12},"end":{"line":30,"column":14}},"7":{"start":{"line":39,"column":16},"end":{"line":39,"column":49}},"8":{"start":{"line":40,"column":28},"end":{"line":40,"column":48}},"9":{"start":{"line":41,"column":16},"end":{"line":41,"column":62}},"10":{"start":{"line":42,"column":16},"end":{"line":46,"column":29}},"11":{"start":{"line":60,"column":25},"end":{"line":60,"column":40}},"12":{"start":{"line":61,"column":26},"end":{"line":61,"column":48}},"13":{"start":{"line":62,"column":28},"end":{"line":62,"column":65}},"14":{"start":{"line":63,"column":12},"end":{"line":63,"column":34}},"15":{"start":{"line":64,"column":12},"end":{"line":77,"column":13}},"16":{"start":{"line":65,"column":29},"end":{"line":65,"column":46}},"17":{"start":{"line":66,"column":29},"end":{"line":66,"column":58}},"18":{"start":{"line":67,"column":29},"end":{"line":67,"column":55}},"19":{"start":{"line":68,"column":16},"end":{"line":68,"column":62}},"20":{"start":{"line":68,"column":42},"end":{"line":68,"column":60}},"21":{"start":{"line":69,"column":16},"end":{"line":69,"column":37}},"22":{"start":{"line":70,"column":16},"end":{"line":76,"column":17}},"23":{"start":{"line":71,"column":36},"end":{"line":73,"column":25}},"24":{"start":{"line":74,"column":24},"end":{"line":74,"column":51}},"25":{"start":{"line":78,"column":12},"end":{"line":78,"column":29}},"26":{"start":{"line":92,"column":25},"end":{"line":92,"column":40}},"27":{"start":{"line":93,"column":26},"end":{"line":93,"column":48}},"28":{"start":{"line":94,"column":28},"end":{"line":94,"column":65}},"29":{"start":{"line":95,"column":12},"end":{"line":95,"column":34}},"30":{"start":{"line":96,"column":12},"end":{"line":109,"column":13}},"31":{"start":{"line":97,"column":29},"end":{"line":97,"column":46}},"32":{"start":{"line":98,"column":29},"end":{"line":98,"column":58}},"33":{"start":{"line":99,"column":29},"end":{"line":99,"column":55}},"34":{"start":{"line":100,"column":16},"end":{"line":100,"column":62}},"35":{"start":{"line":100,"column":42},"end":{"line":100,"column":60}},"36":{"start":{"line":101,"column":16},"end":{"line":101,"column":37}},"37":{"start":{"line":102,"column":16},"end":{"line":108,"column":17}},"38":{"start":{"line":103,"column":36},"end":{"line":105,"column":25}},"39":{"start":{"line":106,"column":24},"end":{"line":106,"column":51}},"40":{"start":{"line":110,"column":12},"end":{"line":110,"column":29}}},"fnMap":{"0":{"name":"(anonymous_0)","decl":{"start":{"line":12,"column":17},"end":{"line":12,"column":18}},"loc":{"start":{"line":12,"column":46},"end":{"line":18,"column":9}},"line":12},"1":{"name":"(anonymous_1)","decl":{"start":{"line":23,"column":17},"end":{"line":23,"column":18}},"loc":{"start":{"line":23,"column":46},"end":{"line":31,"column":9}},"line":23},"2":{"name":"(anonymous_2)","decl":{"start":{"line":38,"column":21},"end":{"line":38,"column":22}},"loc":{"start":{"line":38,"column":50},"end":{"line":47,"column":13}},"line":38},"3":{"name":"(anonymous_3)","decl":{"start":{"line":59,"column":17},"end":{"line":59,"column":18}},"loc":{"start":{"line":59,"column":39},"end":{"line":79,"column":9}},"line":59},"4":{"name":"(anonymous_4)","decl":{"start":{"line":68,"column":33},"end":{"line":68,"column":34}},"loc":{"start":{"line":68,"column":42},"end":{"line":68,"column":60}},"line":68},"5":{"name":"(anonymous_5)","decl":{"start":{"line":70,"column":36},"end":{"line":70,"column":37}},"loc":{"start":{"line":70,"column":45},"end":{"line":75,"column":21}},"line":70},"6":{"name":"(anonymous_6)","decl":{"start":{"line":91,"column":17},"end":{"line":91,"column":18}},"loc":{"start":{"line":91,"column":39},"end":{"line":111,"column":9}},"line":91},"7":{"name":"(anonymous_7)","decl":{"start":{"line":100,"column":33},"end":{"line":100,"column":34}},"loc":{"start":{"line":100,"column":42},"end":{"line":100,"column":60}},"line":100},"8":{"name":"(anonymous_8)","decl":{"start":{"line":102,"column":36},"end":{"line":102,"column":37}},"loc":{"start":{"line":102,"column":45},"end":{"line":107,"column":21}},"line":102}},"branchMap":{"0":{"loc":{"start":{"line":64,"column":12},"end":{"line":77,"column":13}},"type":"if","locations":[{"start":{"line":64,"column":12},"end":{"line":77,"column":13}},{"start":{"line":64,"column":12},"end":{"line":77,"column":13}}],"line":64},"1":{"loc":{"start":{"line":96,"column":12},"end":{"line":109,"column":13}},"type":"if","locations":[{"start":{"line":96,"column":12},"end":{"line":109,"column":13}},{"start":{"line":96,"column":12},"end":{"line":109,"column":13}}],"line":96}},"s":{"0":5,"1":5,"2":5,"3":0,"4":0,"5":0,"6":0,"7":0,"8":0,"9":0,"10":0,"11":0,"12":0,"13":0,"14":0,"15":0,"16":0,"17":0,"18":0,"19":0,"20":0,"21":0,"22":0,"23":0,"24":0,"25":0,"26":0,"27":0,"28":0,"29":0,"30":0,"31":0,"32":0,"33":0,"34":0,"35":0,"36":0,"37":0,"38":0,"39":0,"40":0},"f":{"0":0,"1":0,"2":0,"3":0,"4":0,"5":0,"6":0,"7":0,"8":0},"b":{"0":[0,0],"1":[0,0]},"_coverageSchema":"43e27e138ebf9cfc5966b082cf9a028302ed4184","hash":"2ce7282c36a0176fcd0b52c8dd6ec903a032d000"}
,"/home/amanullah/MUH RIFQI AMANULLAH/FLUTTER/HAPI-JS AND FLUTTER/Latihan-hapiJS/src/routes/landing/index.js": {"path":"/home/amanullah/MUH RIFQI AMANULLAH/FLUTTER/HAPI-JS AND FLUTTER/Latihan-hapiJS/src/routes/landing/index.js","statementMap":{"0":{"start":{"line":1,"column":16},"end":{"line":11,"column":1}},"1":{"start":{"line":5,"column":8},"end":{"line":9,"column":11}}},"fnMap":{"0":{"name":"(anonymous_0)","decl":{"start":{"line":4,"column":13},"end":{"line":4,"column":14}},"loc":{"start":{"line":4,"column":37},"end":{"line":10,"column":5}},"line":4}},"branchMap":{},"s":{"0":5,"1":0},"f":{"0":0},"b":{},"_coverageSchema":"43e27e138ebf9cfc5966b082cf9a028302ed4184","hash":"cf7a0b6b2f48f94638313c6eb5c107929e9e06cb"}
,"/home/amanullah/MUH RIFQI AMANULLAH/FLUTTER/HAPI-JS AND FLUTTER/Latihan-hapiJS/src/routes/landing/singer.landing.js": {"path":"/home/amanullah/MUH RIFQI AMANULLAH/FLUTTER/HAPI-JS AND FLUTTER/Latihan-hapiJS/src/routes/landing/singer.landing.js","statementMap":{"0":{"start":{"line":3,"column":12},"end":{"line":3,"column":32}},"1":{"start":{"line":6,"column":22},"end":{"line":6,"column":41}},"2":{"start":{"line":7,"column":15},"end":{"line":136,"column":1}},"3":{"start":{"line":12,"column":12},"end":{"line":16,"column":14}},"4":{"start":{"line":24,"column":25},"end":{"line":24,"column":44}},"5":{"start":{"line":25,"column":12},"end":{"line":25,"column":72}},"6":{"start":{"line":26,"column":12},"end":{"line":30,"column":14}},"7":{"start":{"line":38,"column":25},"end":{"line":38,"column":88}},"8":{"start":{"line":39,"column":12},"end":{"line":39,"column":54}},"9":{"start":{"line":40,"column":12},"end":{"line":44,"column":14}},"10":{"start":{"line":53,"column":29},"end":{"line":53,"column":51}},"11":{"start":{"line":54,"column":16},"end":{"line":54,"column":66}},"12":{"start":{"line":55,"column":16},"end":{"line":59,"column":29}},"13":{"start":{"line":76,"column":25},"end":{"line":76,"column":40}},"14":{"start":{"line":77,"column":27},"end":{"line":77,"column":50}},"15":{"start":{"line":78,"column":29},"end":{"line":78,"column":69}},"16":{"start":{"line":79,"column":12},"end":{"line":79,"column":35}},"17":{"start":{"line":80,"column":12},"end":{"line":93,"column":13}},"18":{"start":{"line":81,"column":29},"end":{"line":81,"column":48}},"19":{"start":{"line":82,"column":29},"end":{"line":82,"column":67}},"20":{"start":{"line":83,"column":29},"end":{"line":83,"column":55}},"21":{"start":{"line":84,"column":16},"end":{"line":84,"column":62}},"22":{"start":{"line":84,"column":42},"end":{"line":84,"column":60}},"23":{"start":{"line":85,"column":16},"end":{"line":85,"column":37}},"24":{"start":{"line":86,"column":16},"end":{"line":92,"column":17}},"25":{"start":{"line":87,"column":36},"end":{"line":89,"column":25}},"26":{"start":{"line":90,"column":24},"end":{"line":90,"column":51}},"27":{"start":{"line":94,"column":12},"end":{"line":94,"column":30}},"28":{"start":{"line":108,"column":25},"end":{"line":108,"column":40}},"29":{"start":{"line":109,"column":27},"end":{"line":109,"column":50}},"30":{"start":{"line":110,"column":29},"end":{"line":110,"column":69}},"31":{"start":{"line":111,"column":12},"end":{"line":111,"column":35}},"32":{"start":{"line":112,"column":12},"end":{"line":125,"column":13}},"33":{"start":{"line":113,"column":29},"end":{"line":113,"column":48}},"34":{"start":{"line":114,"column":29},"end":{"line":114,"column":67}},"35":{"start":{"line":115,"column":29},"end":{"line":115,"column":55}},"36":{"start":{"line":116,"column":16},"end":{"line":116,"column":62}},"37":{"start":{"line":116,"column":42},"end":{"line":116,"column":60}},"38":{"start":{"line":117,"column":16},"end":{"line":117,"column":37}},"39":{"start":{"line":118,"column":16},"end":{"line":124,"column":17}},"40":{"start":{"line":119,"column":36},"end":{"line":121,"column":25}},"41":{"start":{"line":122,"column":24},"end":{"line":122,"column":51}},"42":{"start":{"line":126,"column":12},"end":{"line":126,"column":30}}},"fnMap":{"0":{"name":"(anonymous_0)","decl":{"start":{"line":11,"column":17},"end":{"line":11,"column":18}},"loc":{"start":{"line":11,"column":46},"end":{"line":17,"column":9}},"line":11},"1":{"name":"(anonymous_1)","decl":{"start":{"line":23,"column":17},"end":{"line":23,"column":18}},"loc":{"start":{"line":23,"column":46},"end":{"line":31,"column":9}},"line":23},"2":{"name":"(anonymous_2)","decl":{"start":{"line":37,"column":17},"end":{"line":37,"column":18}},"loc":{"start":{"line":37,"column":46},"end":{"line":45,"column":9}},"line":37},"3":{"name":"(anonymous_3)","decl":{"start":{"line":52,"column":21},"end":{"line":52,"column":22}},"loc":{"start":{"line":52,"column":50},"end":{"line":60,"column":13}},"line":52},"4":{"name":"(anonymous_4)","decl":{"start":{"line":75,"column":17},"end":{"line":75,"column":18}},"loc":{"start":{"line":75,"column":39},"end":{"line":95,"column":9}},"line":75},"5":{"name":"(anonymous_5)","decl":{"start":{"line":84,"column":33},"end":{"line":84,"column":34}},"loc":{"start":{"line":84,"column":42},"end":{"line":84,"column":60}},"line":84},"6":{"name":"(anonymous_6)","decl":{"start":{"line":86,"column":36},"end":{"line":86,"column":37}},"loc":{"start":{"line":86,"column":45},"end":{"line":91,"column":21}},"line":86},"7":{"name":"(anonymous_7)","decl":{"start":{"line":107,"column":17},"end":{"line":107,"column":18}},"loc":{"start":{"line":107,"column":39},"end":{"line":127,"column":9}},"line":107},"8":{"name":"(anonymous_8)","decl":{"start":{"line":116,"column":33},"end":{"line":116,"column":34}},"loc":{"start":{"line":116,"column":42},"end":{"line":116,"column":60}},"line":116},"9":{"name":"(anonymous_9)","decl":{"start":{"line":118,"column":36},"end":{"line":118,"column":37}},"loc":{"start":{"line":118,"column":45},"end":{"line":123,"column":21}},"line":118}},"branchMap":{"0":{"loc":{"start":{"line":80,"column":12},"end":{"line":93,"column":13}},"type":"if","locations":[{"start":{"line":80,"column":12},"end":{"line":93,"column":13}},{"start":{"line":80,"column":12},"end":{"line":93,"column":13}}],"line":80},"1":{"loc":{"start":{"line":112,"column":12},"end":{"line":125,"column":13}},"type":"if","locations":[{"start":{"line":112,"column":12},"end":{"line":125,"column":13}},{"start":{"line":112,"column":12},"end":{"line":125,"column":13}}],"line":112}},"s":{"0":5,"1":5,"2":5,"3":0,"4":0,"5":0,"6":0,"7":0,"8":0,"9":0,"10":0,"11":0,"12":0,"13":0,"14":0,"15":0,"16":0,"17":0,"18":0,"19":0,"20":0,"21":0,"22":0,"23":0,"24":0,"25":0,"26":0,"27":0,"28":0,"29":0,"30":0,"31":0,"32":0,"33":0,"34":0,"35":0,"36":0,"37":0,"38":0,"39":0,"40":0,"41":0,"42":0},"f":{"0":0,"1":0,"2":0,"3":0,"4":0,"5":0,"6":0,"7":0,"8":0,"9":0},"b":{"0":[0,0],"1":[0,0]},"_coverageSchema":"43e27e138ebf9cfc5966b082cf9a028302ed4184","hash":"33ebd133a7fc9c2e808edefbecc6c39d9f0394b2"}
,"/home/amanullah/MUH RIFQI AMANULLAH/FLUTTER/HAPI-JS AND FLUTTER/Latihan-hapiJS/src/routes/landing/song.landing.js": {"path":"/home/amanullah/MUH RIFQI AMANULLAH/FLUTTER/HAPI-JS AND FLUTTER/Latihan-hapiJS/src/routes/landing/song.landing.js","statementMap":{"0":{"start":{"line":4,"column":12},"end":{"line":4,"column":32}},"1":{"start":{"line":6,"column":20},"end":{"line":6,"column":37}},"2":{"start":{"line":7,"column":13},"end":{"line":135,"column":1}},"3":{"start":{"line":12,"column":12},"end":{"line":16,"column":14}},"4":{"start":{"line":24,"column":23},"end":{"line":24,"column":42}},"5":{"start":{"line":25,"column":12},"end":{"line":25,"column":62}},"6":{"start":{"line":26,"column":12},"end":{"line":30,"column":14}},"7":{"start":{"line":38,"column":22},"end":{"line":38,"column":80}},"8":{"start":{"line":39,"column":12},"end":{"line":39,"column":52}},"9":{"start":{"line":40,"column":12},"end":{"line":44,"column":14}},"10":{"start":{"line":53,"column":27},"end":{"line":53,"column":47}},"11":{"start":{"line":54,"column":16},"end":{"line":54,"column":58}},"12":{"start":{"line":55,"column":16},"end":{"line":59,"column":29}},"13":{"start":{"line":75,"column":25},"end":{"line":75,"column":40}},"14":{"start":{"line":76,"column":25},"end":{"line":76,"column":46}},"15":{"start":{"line":77,"column":27},"end":{"line":77,"column":61}},"16":{"start":{"line":78,"column":12},"end":{"line":78,"column":33}},"17":{"start":{"line":79,"column":12},"end":{"line":92,"column":13}},"18":{"start":{"line":80,"column":29},"end":{"line":80,"column":44}},"19":{"start":{"line":81,"column":29},"end":{"line":81,"column":58}},"20":{"start":{"line":82,"column":29},"end":{"line":82,"column":55}},"21":{"start":{"line":83,"column":16},"end":{"line":83,"column":62}},"22":{"start":{"line":83,"column":42},"end":{"line":83,"column":60}},"23":{"start":{"line":84,"column":16},"end":{"line":84,"column":37}},"24":{"start":{"line":85,"column":16},"end":{"line":91,"column":17}},"25":{"start":{"line":86,"column":36},"end":{"line":88,"column":25}},"26":{"start":{"line":89,"column":24},"end":{"line":89,"column":51}},"27":{"start":{"line":93,"column":12},"end":{"line":93,"column":28}},"28":{"start":{"line":107,"column":25},"end":{"line":107,"column":40}},"29":{"start":{"line":108,"column":25},"end":{"line":108,"column":46}},"30":{"start":{"line":109,"column":27},"end":{"line":109,"column":61}},"31":{"start":{"line":110,"column":12},"end":{"line":110,"column":33}},"32":{"start":{"line":111,"column":12},"end":{"line":124,"column":13}},"33":{"start":{"line":112,"column":29},"end":{"line":112,"column":44}},"34":{"start":{"line":113,"column":29},"end":{"line":113,"column":67}},"35":{"start":{"line":114,"column":29},"end":{"line":114,"column":55}},"36":{"start":{"line":115,"column":16},"end":{"line":115,"column":62}},"37":{"start":{"line":115,"column":42},"end":{"line":115,"column":60}},"38":{"start":{"line":116,"column":16},"end":{"line":116,"column":37}},"39":{"start":{"line":117,"column":16},"end":{"line":123,"column":17}},"40":{"start":{"line":118,"column":36},"end":{"line":120,"column":25}},"41":{"start":{"line":121,"column":24},"end":{"line":121,"column":51}},"42":{"start":{"line":125,"column":12},"end":{"line":125,"column":28}}},"fnMap":{"0":{"name":"(anonymous_0)","decl":{"start":{"line":11,"column":17},"end":{"line":11,"column":18}},"loc":{"start":{"line":11,"column":46},"end":{"line":17,"column":9}},"line":11},"1":{"name":"(anonymous_1)","decl":{"start":{"line":23,"column":17},"end":{"line":23,"column":18}},"loc":{"start":{"line":23,"column":46},"end":{"line":31,"column":9}},"line":23},"2":{"name":"(anonymous_2)","decl":{"start":{"line":37,"column":17},"end":{"line":37,"column":18}},"loc":{"start":{"line":37,"column":46},"end":{"line":45,"column":9}},"line":37},"3":{"name":"(anonymous_3)","decl":{"start":{"line":52,"column":21},"end":{"line":52,"column":22}},"loc":{"start":{"line":52,"column":50},"end":{"line":60,"column":13}},"line":52},"4":{"name":"(anonymous_4)","decl":{"start":{"line":74,"column":17},"end":{"line":74,"column":18}},"loc":{"start":{"line":74,"column":39},"end":{"line":94,"column":9}},"line":74},"5":{"name":"(anonymous_5)","decl":{"start":{"line":83,"column":33},"end":{"line":83,"column":34}},"loc":{"start":{"line":83,"column":42},"end":{"line":83,"column":60}},"line":83},"6":{"name":"(anonymous_6)","decl":{"start":{"line":85,"column":36},"end":{"line":85,"column":37}},"loc":{"start":{"line":85,"column":45},"end":{"line":90,"column":21}},"line":85},"7":{"name":"(anonymous_7)","decl":{"start":{"line":106,"column":17},"end":{"line":106,"column":18}},"loc":{"start":{"line":106,"column":39},"end":{"line":126,"column":9}},"line":106},"8":{"name":"(anonymous_8)","decl":{"start":{"line":115,"column":33},"end":{"line":115,"column":34}},"loc":{"start":{"line":115,"column":42},"end":{"line":115,"column":60}},"line":115},"9":{"name":"(anonymous_9)","decl":{"start":{"line":117,"column":36},"end":{"line":117,"column":37}},"loc":{"start":{"line":117,"column":45},"end":{"line":122,"column":21}},"line":117}},"branchMap":{"0":{"loc":{"start":{"line":79,"column":12},"end":{"line":92,"column":13}},"type":"if","locations":[{"start":{"line":79,"column":12},"end":{"line":92,"column":13}},{"start":{"line":79,"column":12},"end":{"line":92,"column":13}}],"line":79},"1":{"loc":{"start":{"line":111,"column":12},"end":{"line":124,"column":13}},"type":"if","locations":[{"start":{"line":111,"column":12},"end":{"line":124,"column":13}},{"start":{"line":111,"column":12},"end":{"line":124,"column":13}}],"line":111}},"s":{"0":5,"1":5,"2":5,"3":0,"4":0,"5":0,"6":0,"7":0,"8":0,"9":0,"10":0,"11":0,"12":0,"13":0,"14":0,"15":0,"16":0,"17":0,"18":0,"19":0,"20":0,"21":0,"22":0,"23":0,"24":0,"25":0,"26":0,"27":0,"28":0,"29":0,"30":0,"31":0,"32":0,"33":0,"34":0,"35":0,"36":0,"37":0,"38":0,"39":0,"40":0,"41":0,"42":0},"f":{"0":0,"1":0,"2":0,"3":0,"4":0,"5":0,"6":0,"7":0,"8":0,"9":0},"b":{"0":[0,0],"1":[0,0]},"_coverageSchema":"43e27e138ebf9cfc5966b082cf9a028302ed4184","hash":"6e6e65c5477f8f058a4c18524cd6fe48f1bf6d84"}
,"/home/amanullah/MUH RIFQI AMANULLAH/FLUTTER/HAPI-JS AND FLUTTER/Latihan-hapiJS/src/routes/landing/user.landing.js": {"path":"/home/amanullah/MUH RIFQI AMANULLAH/FLUTTER/HAPI-JS AND FLUTTER/Latihan-hapiJS/src/routes/landing/user.landing.js","statementMap":{"0":{"start":{"line":2,"column":12},"end":{"line":2,"column":32}},"1":{"start":{"line":3,"column":11},"end":{"line":3,"column":24}},"2":{"start":{"line":4,"column":20},"end":{"line":4,"column":37}},"3":{"start":{"line":5,"column":14},"end":{"line":133,"column":1}},"4":{"start":{"line":10,"column":12},"end":{"line":14,"column":14}},"5":{"start":{"line":22,"column":24},"end":{"line":22,"column":43}},"6":{"start":{"line":23,"column":12},"end":{"line":23,"column":63}},"7":{"start":{"line":24,"column":12},"end":{"line":28,"column":14}},"8":{"start":{"line":50,"column":28},"end":{"line":50,"column":43}},"9":{"start":{"line":51,"column":14},"end":{"line":51,"column":57}},"10":{"start":{"line":52,"column":16},"end":{"line":56,"column":29}},"11":{"start":{"line":72,"column":25},"end":{"line":72,"column":40}},"12":{"start":{"line":73,"column":12},"end":{"line":73,"column":29}},"13":{"start":{"line":74,"column":25},"end":{"line":74,"column":46}},"14":{"start":{"line":75,"column":27},"end":{"line":75,"column":61}},"15":{"start":{"line":76,"column":12},"end":{"line":76,"column":33}},"16":{"start":{"line":77,"column":12},"end":{"line":90,"column":13}},"17":{"start":{"line":78,"column":29},"end":{"line":78,"column":44}},"18":{"start":{"line":79,"column":29},"end":{"line":79,"column":58}},"19":{"start":{"line":80,"column":29},"end":{"line":80,"column":55}},"20":{"start":{"line":81,"column":16},"end":{"line":81,"column":62}},"21":{"start":{"line":81,"column":42},"end":{"line":81,"column":60}},"22":{"start":{"line":82,"column":16},"end":{"line":82,"column":37}},"23":{"start":{"line":83,"column":16},"end":{"line":89,"column":17}},"24":{"start":{"line":84,"column":36},"end":{"line":86,"column":25}},"25":{"start":{"line":87,"column":24},"end":{"line":87,"column":51}},"26":{"start":{"line":91,"column":12},"end":{"line":91,"column":28}},"27":{"start":{"line":105,"column":25},"end":{"line":105,"column":40}},"28":{"start":{"line":106,"column":25},"end":{"line":106,"column":46}},"29":{"start":{"line":107,"column":27},"end":{"line":107,"column":61}},"30":{"start":{"line":108,"column":12},"end":{"line":108,"column":33}},"31":{"start":{"line":109,"column":12},"end":{"line":122,"column":13}},"32":{"start":{"line":110,"column":29},"end":{"line":110,"column":44}},"33":{"start":{"line":111,"column":29},"end":{"line":111,"column":58}},"34":{"start":{"line":112,"column":29},"end":{"line":112,"column":55}},"35":{"start":{"line":113,"column":16},"end":{"line":113,"column":62}},"36":{"start":{"line":113,"column":42},"end":{"line":113,"column":60}},"37":{"start":{"line":114,"column":16},"end":{"line":114,"column":37}},"38":{"start":{"line":115,"column":16},"end":{"line":121,"column":17}},"39":{"start":{"line":116,"column":36},"end":{"line":118,"column":25}},"40":{"start":{"line":119,"column":24},"end":{"line":119,"column":51}},"41":{"start":{"line":123,"column":12},"end":{"line":123,"column":28}}},"fnMap":{"0":{"name":"(anonymous_0)","decl":{"start":{"line":9,"column":17},"end":{"line":9,"column":18}},"loc":{"start":{"line":9,"column":46},"end":{"line":15,"column":9}},"line":9},"1":{"name":"(anonymous_1)","decl":{"start":{"line":21,"column":17},"end":{"line":21,"column":18}},"loc":{"start":{"line":21,"column":46},"end":{"line":29,"column":9}},"line":21},"2":{"name":"(anonymous_2)","decl":{"start":{"line":49,"column":21},"end":{"line":49,"column":22}},"loc":{"start":{"line":49,"column":50},"end":{"line":57,"column":13}},"line":49},"3":{"name":"(anonymous_3)","decl":{"start":{"line":71,"column":17},"end":{"line":71,"column":18}},"loc":{"start":{"line":71,"column":39},"end":{"line":92,"column":9}},"line":71},"4":{"name":"(anonymous_4)","decl":{"start":{"line":81,"column":33},"end":{"line":81,"column":34}},"loc":{"start":{"line":81,"column":42},"end":{"line":81,"column":60}},"line":81},"5":{"name":"(anonymous_5)","decl":{"start":{"line":83,"column":36},"end":{"line":83,"column":37}},"loc":{"start":{"line":83,"column":45},"end":{"line":88,"column":21}},"line":83},"6":{"name":"(anonymous_6)","decl":{"start":{"line":104,"column":17},"end":{"line":104,"column":18}},"loc":{"start":{"line":104,"column":39},"end":{"line":124,"column":9}},"line":104},"7":{"name":"(anonymous_7)","decl":{"start":{"line":113,"column":33},"end":{"line":113,"column":34}},"loc":{"start":{"line":113,"column":42},"end":{"line":113,"column":60}},"line":113},"8":{"name":"(anonymous_8)","decl":{"start":{"line":115,"column":36},"end":{"line":115,"column":37}},"loc":{"start":{"line":115,"column":45},"end":{"line":120,"column":21}},"line":115}},"branchMap":{"0":{"loc":{"start":{"line":77,"column":12},"end":{"line":90,"column":13}},"type":"if","locations":[{"start":{"line":77,"column":12},"end":{"line":90,"column":13}},{"start":{"line":77,"column":12},"end":{"line":90,"column":13}}],"line":77},"1":{"loc":{"start":{"line":109,"column":12},"end":{"line":122,"column":13}},"type":"if","locations":[{"start":{"line":109,"column":12},"end":{"line":122,"column":13}},{"start":{"line":109,"column":12},"end":{"line":122,"column":13}}],"line":109}},"s":{"0":5,"1":5,"2":5,"3":5,"4":0,"5":0,"6":0,"7":0,"8":0,"9":0,"10":0,"11":0,"12":0,"13":0,"14":0,"15":0,"16":0,"17":0,"18":0,"19":0,"20":0,"21":0,"22":0,"23":0,"24":0,"25":0,"26":0,"27":0,"28":0,"29":0,"30":0,"31":0,"32":0,"33":0,"34":0,"35":0,"36":0,"37":0,"38":0,"39":0,"40":0,"41":0},"f":{"0":0,"1":0,"2":0,"3":0,"4":0,"5":0,"6":0,"7":0,"8":0},"b":{"0":[0,0],"1":[0,0]},"_coverageSchema":"43e27e138ebf9cfc5966b082cf9a028302ed4184","hash":"25d0b00e34770846f53b5226aa8aca94c92c276b"}
,"/home/amanullah/MUH RIFQI AMANULLAH/FLUTTER/HAPI-JS AND FLUTTER/Latihan-hapiJS/src/services/genre.service.js": {"path":"/home/amanullah/MUH RIFQI AMANULLAH/FLUTTER/HAPI-JS AND FLUTTER/Latihan-hapiJS/src/services/genre.service.js","statementMap":{"0":{"start":{"line":6,"column":8},"end":{"line":6,"column":41}},"1":{"start":{"line":10,"column":8},"end":{"line":10,"column":51}},"2":{"start":{"line":14,"column":8},"end":{"line":14,"column":56}},"3":{"start":{"line":18,"column":8},"end":{"line":18,"column":56}},"4":{"start":{"line":22,"column":22},"end":{"line":22,"column":67}},"5":{"start":{"line":23,"column":8},"end":{"line":23,"column":58}},"6":{"start":{"line":24,"column":8},"end":{"line":24,"column":57}}},"fnMap":{"0":{"name":"(anonymous_0)","decl":{"start":{"line":5,"column":4},"end":{"line":5,"column":5}},"loc":{"start":{"line":5,"column":21},"end":{"line":7,"column":5}},"line":5},"1":{"name":"(anonymous_1)","decl":{"start":{"line":9,"column":4},"end":{"line":9,"column":5}},"loc":{"start":{"line":9,"column":24},"end":{"line":12,"column":5}},"line":9},"2":{"name":"(anonymous_2)","decl":{"start":{"line":13,"column":4},"end":{"line":13,"column":5}},"loc":{"start":{"line":13,"column":27},"end":{"line":15,"column":5}},"line":13},"3":{"name":"(anonymous_3)","decl":{"start":{"line":17,"column":4},"end":{"line":17,"column":5}},"loc":{"start":{"line":17,"column":28},"end":{"line":19,"column":5}},"line":17},"4":{"name":"(anonymous_4)","decl":{"start":{"line":21,"column":4},"end":{"line":21,"column":5}},"loc":{"start":{"line":21,"column":34},"end":{"line":25,"column":5}},"line":21}},"branchMap":{},"s":{"0":4,"1":0,"2":0,"3":2,"4":0,"5":0,"6":0},"f":{"0":4,"1":0,"2":0,"3":2,"4":0},"b":{},"_coverageSchema":"43e27e138ebf9cfc5966b082cf9a028302ed4184","hash":"8e997f983c0b66b561f0f0bf05e38d28ac54b6fa"}
,"/home/amanullah/MUH RIFQI AMANULLAH/FLUTTER/HAPI-JS AND FLUTTER/Latihan-hapiJS/src/services/singer.service.js": {"path":"/home/amanullah/MUH RIFQI AMANULLAH/FLUTTER/HAPI-JS AND FLUTTER/Latihan-hapiJS/src/services/singer.service.js","statementMap":{"0":{"start":{"line":6,"column":8},"end":{"line":6,"column":42}},"1":{"start":{"line":10,"column":8},"end":{"line":10,"column":52}},"2":{"start":{"line":14,"column":21},"end":{"line":14,"column":62}},"3":{"start":{"line":15,"column":8},"end":{"line":15,"column":69}},"4":{"start":{"line":15,"column":20},"end":{"line":15,"column":69}},"5":{"start":{"line":16,"column":8},"end":{"line":16,"column":21}},"6":{"start":{"line":20,"column":8},"end":{"line":20,"column":58}},"7":{"start":{"line":24,"column":21},"end":{"line":24,"column":69}},"8":{"start":{"line":25,"column":8},"end":{"line":25,"column":59}},"9":{"start":{"line":26,"column":8},"end":{"line":26,"column":58}},"10":{"start":{"line":29,"column":8},"end":{"line":29,"column":39}},"11":{"start":{"line":30,"column":21},"end":{"line":33,"column":22}},"12":{"start":{"line":34,"column":8},"end":{"line":34,"column":40}},"13":{"start":{"line":35,"column":8},"end":{"line":35,"column":21}}},"fnMap":{"0":{"name":"(anonymous_0)","decl":{"start":{"line":5,"column":4},"end":{"line":5,"column":5}},"loc":{"start":{"line":5,"column":22},"end":{"line":7,"column":5}},"line":5},"1":{"name":"(anonymous_1)","decl":{"start":{"line":9,"column":4},"end":{"line":9,"column":5}},"loc":{"start":{"line":9,"column":25},"end":{"line":11,"column":5}},"line":9},"2":{"name":"(anonymous_2)","decl":{"start":{"line":13,"column":4},"end":{"line":13,"column":5}},"loc":{"start":{"line":13,"column":28},"end":{"line":17,"column":5}},"line":13},"3":{"name":"(anonymous_3)","decl":{"start":{"line":19,"column":4},"end":{"line":19,"column":5}},"loc":{"start":{"line":19,"column":30},"end":{"line":21,"column":5}},"line":19},"4":{"name":"(anonymous_4)","decl":{"start":{"line":23,"column":4},"end":{"line":23,"column":5}},"loc":{"start":{"line":23,"column":36},"end":{"line":27,"column":5}},"line":23},"5":{"name":"(anonymous_5)","decl":{"start":{"line":28,"column":4},"end":{"line":28,"column":5}},"loc":{"start":{"line":28,"column":38},"end":{"line":36,"column":5}},"line":28}},"branchMap":{"0":{"loc":{"start":{"line":15,"column":8},"end":{"line":15,"column":69}},"type":"if","locations":[{"start":{"line":15,"column":8},"end":{"line":15,"column":69}},{"start":{"line":15,"column":8},"end":{"line":15,"column":69}}],"line":15}},"s":{"0":4,"1":0,"2":0,"3":0,"4":0,"5":0,"6":2,"7":0,"8":0,"9":0,"10":0,"11":0,"12":0,"13":0},"f":{"0":4,"1":0,"2":0,"3":2,"4":0,"5":0},"b":{"0":[0,0]},"_coverageSchema":"43e27e138ebf9cfc5966b082cf9a028302ed4184","hash":"42c77fe585c489d69100b185f13a8dc755041d06"}
,"/home/amanullah/MUH RIFQI AMANULLAH/FLUTTER/HAPI-JS AND FLUTTER/Latihan-hapiJS/src/services/song.servce.js": {"path":"/home/amanullah/MUH RIFQI AMANULLAH/FLUTTER/HAPI-JS AND FLUTTER/Latihan-hapiJS/src/services/song.servce.js","statementMap":{"0":{"start":{"line":6,"column":8},"end":{"line":6,"column":40}},"1":{"start":{"line":10,"column":8},"end":{"line":10,"column":50}},"2":{"start":{"line":13,"column":8},"end":{"line":13,"column":55}},"3":{"start":{"line":16,"column":8},"end":{"line":16,"column":54}},"4":{"start":{"line":19,"column":19},"end":{"line":19,"column":61}},"5":{"start":{"line":20,"column":8},"end":{"line":20,"column":59}},"6":{"start":{"line":21,"column":8},"end":{"line":21,"column":53}},"7":{"start":{"line":24,"column":8},"end":{"line":24,"column":40}},"8":{"start":{"line":25,"column":19},"end":{"line":28,"column":22}},"9":{"start":{"line":29,"column":8},"end":{"line":29,"column":38}},"10":{"start":{"line":30,"column":8},"end":{"line":30,"column":19}}},"fnMap":{"0":{"name":"(anonymous_0)","decl":{"start":{"line":5,"column":4},"end":{"line":5,"column":5}},"loc":{"start":{"line":5,"column":20},"end":{"line":7,"column":5}},"line":5},"1":{"name":"(anonymous_1)","decl":{"start":{"line":9,"column":4},"end":{"line":9,"column":5}},"loc":{"start":{"line":9,"column":23},"end":{"line":11,"column":5}},"line":9},"2":{"name":"(anonymous_2)","decl":{"start":{"line":12,"column":4},"end":{"line":12,"column":5}},"loc":{"start":{"line":12,"column":26},"end":{"line":14,"column":5}},"line":12},"3":{"name":"(anonymous_3)","decl":{"start":{"line":15,"column":4},"end":{"line":15,"column":5}},"loc":{"start":{"line":15,"column":26},"end":{"line":17,"column":5}},"line":15},"4":{"name":"(anonymous_4)","decl":{"start":{"line":18,"column":4},"end":{"line":18,"column":5}},"loc":{"start":{"line":18,"column":32},"end":{"line":22,"column":5}},"line":18},"5":{"name":"(anonymous_5)","decl":{"start":{"line":23,"column":4},"end":{"line":23,"column":5}},"loc":{"start":{"line":23,"column":35},"end":{"line":31,"column":5}},"line":23}},"branchMap":{},"s":{"0":0,"1":0,"2":0,"3":0,"4":0,"5":0,"6":0,"7":0,"8":0,"9":0,"10":0},"f":{"0":0,"1":0,"2":0,"3":0,"4":0,"5":0},"b":{},"_coverageSchema":"43e27e138ebf9cfc5966b082cf9a028302ed4184","hash":"3152bcd502632dba237ff0db3a09bef988302870"}
,"/home/amanullah/MUH RIFQI AMANULLAH/FLUTTER/HAPI-JS AND FLUTTER/Latihan-hapiJS/src/services/user.service.js": {"path":"/home/amanullah/MUH RIFQI AMANULLAH/FLUTTER/HAPI-JS AND FLUTTER/Latihan-hapiJS/src/services/user.service.js","statementMap":{"0":{"start":{"line":9,"column":21},"end":{"line":9,"column":41}},"1":{"start":{"line":10,"column":8},"end":{"line":10,"column":46}},"2":{"start":{"line":15,"column":8},"end":{"line":15,"column":39}},"3":{"start":{"line":18,"column":8},"end":{"line":18,"column":50}},"4":{"start":{"line":21,"column":8},"end":{"line":21,"column":55}},"5":{"start":{"line":24,"column":8},"end":{"line":24,"column":78}},"6":{"start":{"line":27,"column":27},"end":{"line":27,"column":32}},"7":{"start":{"line":28,"column":8},"end":{"line":28,"column":61}},"8":{"start":{"line":29,"column":8},"end":{"line":29,"column":34}},"9":{"start":{"line":30,"column":8},"end":{"line":30,"column":56}},"10":{"start":{"line":31,"column":8},"end":{"line":31,"column":64}},"11":{"start":{"line":31,"column":19},"end":{"line":31,"column":64}},"12":{"start":{"line":32,"column":8},"end":{"line":32,"column":20}},"13":{"start":{"line":35,"column":21},"end":{"line":35,"column":63}},"14":{"start":{"line":36,"column":8},"end":{"line":36,"column":56}},"15":{"start":{"line":37,"column":8},"end":{"line":37,"column":55}}},"fnMap":{"0":{"name":"(anonymous_0)","decl":{"start":{"line":8,"column":4},"end":{"line":8,"column":5}},"loc":{"start":{"line":8,"column":29},"end":{"line":11,"column":5}},"line":8},"1":{"name":"(anonymous_1)","decl":{"start":{"line":14,"column":4},"end":{"line":14,"column":5}},"loc":{"start":{"line":14,"column":20},"end":{"line":16,"column":5}},"line":14},"2":{"name":"(anonymous_2)","decl":{"start":{"line":17,"column":4},"end":{"line":17,"column":5}},"loc":{"start":{"line":17,"column":22},"end":{"line":19,"column":5}},"line":17},"3":{"name":"(anonymous_3)","decl":{"start":{"line":20,"column":4},"end":{"line":20,"column":5}},"loc":{"start":{"line":20,"column":25},"end":{"line":22,"column":5}},"line":20},"4":{"name":"(anonymous_4)","decl":{"start":{"line":23,"column":4},"end":{"line":23,"column":5}},"loc":{"start":{"line":23,"column":33},"end":{"line":25,"column":5}},"line":23},"5":{"name":"(anonymous_5)","decl":{"start":{"line":26,"column":4},"end":{"line":26,"column":5}},"loc":{"start":{"line":26,"column":27},"end":{"line":33,"column":5}},"line":26},"6":{"name":"(anonymous_6)","decl":{"start":{"line":34,"column":4},"end":{"line":34,"column":5}},"loc":{"start":{"line":34,"column":33},"end":{"line":38,"column":5}},"line":34}},"branchMap":{"0":{"loc":{"start":{"line":31,"column":8},"end":{"line":31,"column":64}},"type":"if","locations":[{"start":{"line":31,"column":8},"end":{"line":31,"column":64}},{"start":{"line":31,"column":8},"end":{"line":31,"column":64}}],"line":31}},"s":{"0":1,"1":1,"2":4,"3":0,"4":0,"5":0,"6":1,"7":1,"8":1,"9":1,"10":0,"11":0,"12":0,"13":0,"14":0,"15":0},"f":{"0":1,"1":4,"2":0,"3":0,"4":0,"5":1,"6":0},"b":{"0":[0,0]},"_coverageSchema":"43e27e138ebf9cfc5966b082cf9a028302ed4184","hash":"eed144515e0c152f7c71ce208bd64161d810c6ce"}
}
