TN:
SF:/home/amanullah/MUH RIFQI AMANULLAH/FLUTTER/HAPI-JS AND FLUTTER/Latihan-hapiJS/src/Example.js
FN:1,(anonymous_0)
FNF:1
FNH:1
FNDA:3,(anonymous_0)
DA:1,1
DA:2,3
DA:5,1
LF:3
LH:3
BRDA:2,0,0,2
BRDA:2,0,1,1
BRF:2
BRH:2
end_of_record
TN:
SF:/home/amanullah/MUH RIFQI AMANULLAH/FLUTTER/HAPI-JS AND FLUTTER/Latihan-hapiJS/src/api.js
FN:7,(anonymous_0)
FN:12,(anonymous_1)
FNF:2
FNH:1
FNDA:0,(anonymous_0)
FNDA:14,(anonymous_1)
DA:7,5
DA:8,0
DA:9,0
DA:13,14
DA:14,14
DA:15,0
DA:22,0
DA:23,0
DA:25,0
DA:27,0
DA:28,0
DA:29,0
DA:30,0
DA:31,0
DA:33,0
LF:15
LH:3
BRDA:27,0,0,0
BRDA:27,0,1,0
BRF:2
BRH:0
end_of_record
TN:
SF:/home/amanullah/MUH RIFQI AMANULLAH/FLUTTER/HAPI-JS AND FLUTTER/Latihan-hapiJS/src/config.js
FN:4,configure
FNF:1
FNH:1
FNDA:14,configure
DA:5,14
DA:6,14
DA:8,0
DA:11,14
DA:12,0
DA:13,0
DA:15,14
LF:7
LH:4
BRDA:5,0,0,14
BRDA:5,0,1,0
BRDA:11,1,0,0
BRDA:11,1,1,14
BRF:4
BRH:2
end_of_record
TN:
SF:/home/amanullah/MUH RIFQI AMANULLAH/FLUTTER/HAPI-JS AND FLUTTER/Latihan-hapiJS/src/config/auth.validate.js
FN:3,(anonymous_0)
FNF:1
FNH:0
FNDA:0,(anonymous_0)
DA:3,5
DA:4,0
DA:5,0
DA:6,0
DA:9,0
DA:10,0
DA:11,0
LF:7
LH:1
BRDA:5,0,0,0
BRDA:5,0,1,0
BRF:2
BRH:0
end_of_record
TN:
SF:/home/amanullah/MUH RIFQI AMANULLAH/FLUTTER/HAPI-JS AND FLUTTER/Latihan-hapiJS/src/db/connection.js
FN:4,(anonymous_0)
FNF:1
FNH:1
FNDA:14,(anonymous_0)
DA:4,5
DA:5,14
DA:28,0
LF:3
LH:2
BRF:0
BRH:0
end_of_record
TN:
SF:/home/amanullah/MUH RIFQI AMANULLAH/FLUTTER/HAPI-JS AND FLUTTER/Latihan-hapiJS/src/db/entities.js
FNF:0
FNH:0
LF:0
LH:0
BRF:0
BRH:0
end_of_record
TN:
SF:/home/amanullah/MUH RIFQI AMANULLAH/FLUTTER/HAPI-JS AND FLUTTER/Latihan-hapiJS/src/db/schema/genre.schema.js
FNF:0
FNH:0
DA:4,5
LF:1
LH:1
BRF:0
BRH:0
end_of_record
TN:
SF:/home/amanullah/MUH RIFQI AMANULLAH/FLUTTER/HAPI-JS AND FLUTTER/Latihan-hapiJS/src/db/schema/singer.schema.js
FN:28,(anonymous_0)
FNF:1
FNH:0
FNDA:0,(anonymous_0)
DA:3,5
DA:28,0
LF:2
LH:1
BRF:0
BRH:0
end_of_record
TN:
SF:/home/amanullah/MUH RIFQI AMANULLAH/FLUTTER/HAPI-JS AND FLUTTER/Latihan-hapiJS/src/db/schema/song.schema.js
FNF:0
FNH:0
DA:4,5
LF:1
LH:1
BRF:0
BRH:0
end_of_record
TN:
SF:/home/amanullah/MUH RIFQI AMANULLAH/FLUTTER/HAPI-JS AND FLUTTER/Latihan-hapiJS/src/db/schema/user.schema.js
FNF:0
FNH:0
DA:4,5
LF:1
LH:1
BRF:0
BRH:0
end_of_record
TN:
SF:/home/amanullah/MUH RIFQI AMANULLAH/FLUTTER/HAPI-JS AND FLUTTER/Latihan-hapiJS/src/model/genre.model.js
FN:2,(anonymous_0)
FNF:1
FNH:0
FNDA:0,(anonymous_0)
DA:3,0
DA:4,0
DA:5,0
LF:3
LH:0
BRF:0
BRH:0
end_of_record
TN:
SF:/home/amanullah/MUH RIFQI AMANULLAH/FLUTTER/HAPI-JS AND FLUTTER/Latihan-hapiJS/src/model/singer.model.js
FN:2,(anonymous_0)
FNF:1
FNH:0
FNDA:0,(anonymous_0)
DA:3,0
DA:4,0
DA:5,0
DA:6,0
DA:7,0
LF:5
LH:0
BRF:0
BRH:0
end_of_record
TN:
SF:/home/amanullah/MUH RIFQI AMANULLAH/FLUTTER/HAPI-JS AND FLUTTER/Latihan-hapiJS/src/model/song.model.js
FN:4,(anonymous_0)
FNF:1
FNH:0
FNDA:0,(anonymous_0)
DA:5,0
DA:6,0
DA:7,0
LF:3
LH:0
BRF:0
BRH:0
end_of_record
TN:
SF:/home/amanullah/MUH RIFQI AMANULLAH/FLUTTER/HAPI-JS AND FLUTTER/Latihan-hapiJS/src/model/user.model.js
FN:2,(anonymous_0)
FNF:1
FNH:0
FNDA:0,(anonymous_0)
DA:3,0
DA:4,0
DA:5,0
DA:6,0
DA:7,0
LF:5
LH:0
BRF:0
BRH:0
end_of_record
TN:
SF:/home/amanullah/MUH RIFQI AMANULLAH/FLUTTER/HAPI-JS AND FLUTTER/Latihan-hapiJS/src/routes/index.js
FNF:0
FNH:0
LF:0
LH:0
BRF:0
BRH:0
end_of_record
TN:
SF:/home/amanullah/MUH RIFQI AMANULLAH/FLUTTER/HAPI-JS AND FLUTTER/Latihan-hapiJS/src/routes/landing/genre.landing.js
FN:12,(anonymous_0)
FN:23,(anonymous_1)
FN:38,(anonymous_2)
FN:59,(anonymous_3)
FN:68,(anonymous_4)
FN:70,(anonymous_5)
FN:91,(anonymous_6)
FN:100,(anonymous_7)
FN:102,(anonymous_8)
FNF:9
FNH:0
FNDA:0,(anonymous_0)
FNDA:0,(anonymous_1)
FNDA:0,(anonymous_2)
FNDA:0,(anonymous_3)
FNDA:0,(anonymous_4)
FNDA:0,(anonymous_5)
FNDA:0,(anonymous_6)
FNDA:0,(anonymous_7)
FNDA:0,(anonymous_8)
DA:3,5
DA:7,5
DA:8,5
DA:13,0
DA:24,0
DA:25,0
DA:26,0
DA:39,0
DA:40,0
DA:41,0
DA:42,0
DA:60,0
DA:61,0
DA:62,0
DA:63,0
DA:64,0
DA:65,0
DA:66,0
DA:67,0
DA:68,0
DA:69,0
DA:70,0
DA:71,0
DA:74,0
DA:78,0
DA:92,0
DA:93,0
DA:94,0
DA:95,0
DA:96,0
DA:97,0
DA:98,0
DA:99,0
DA:100,0
DA:101,0
DA:102,0
DA:103,0
DA:106,0
DA:110,0
LF:39
LH:3
BRDA:64,0,0,0
BRDA:64,0,1,0
BRDA:96,1,0,0
BRDA:96,1,1,0
BRF:4
BRH:0
end_of_record
TN:
SF:/home/amanullah/MUH RIFQI AMANULLAH/FLUTTER/HAPI-JS AND FLUTTER/Latihan-hapiJS/src/routes/landing/index.js
FN:4,(anonymous_0)
FNF:1
FNH:0
FNDA:0,(anonymous_0)
DA:1,5
DA:5,0
LF:2
LH:1
BRF:0
BRH:0
end_of_record
TN:
SF:/home/amanullah/MUH RIFQI AMANULLAH/FLUTTER/HAPI-JS AND FLUTTER/Latihan-hapiJS/src/routes/landing/singer.landing.js
FN:11,(anonymous_0)
FN:23,(anonymous_1)
FN:37,(anonymous_2)
FN:52,(anonymous_3)
FN:75,(anonymous_4)
FN:84,(anonymous_5)
FN:86,(anonymous_6)
FN:107,(anonymous_7)
FN:116,(anonymous_8)
FN:118,(anonymous_9)
FNF:10
FNH:0
FNDA:0,(anonymous_0)
FNDA:0,(anonymous_1)
FNDA:0,(anonymous_2)
FNDA:0,(anonymous_3)
FNDA:0,(anonymous_4)
FNDA:0,(anonymous_5)
FNDA:0,(anonymous_6)
FNDA:0,(anonymous_7)
FNDA:0,(anonymous_8)
FNDA:0,(anonymous_9)
DA:3,5
DA:6,5
DA:7,5
DA:12,0
DA:24,0
DA:25,0
DA:26,0
DA:38,0
DA:39,0
DA:40,0
DA:53,0
DA:54,0
DA:55,0
DA:76,0
DA:77,0
DA:78,0
DA:79,0
DA:80,0
DA:81,0
DA:82,0
DA:83,0
DA:84,0
DA:85,0
DA:86,0
DA:87,0
DA:90,0
DA:94,0
DA:108,0
DA:109,0
DA:110,0
DA:111,0
DA:112,0
DA:113,0
DA:114,0
DA:115,0
DA:116,0
DA:117,0
DA:118,0
DA:119,0
DA:122,0
DA:126,0
LF:41
LH:3
BRDA:80,0,0,0
BRDA:80,0,1,0
BRDA:112,1,0,0
BRDA:112,1,1,0
BRF:4
BRH:0
end_of_record
TN:
SF:/home/amanullah/MUH RIFQI AMANULLAH/FLUTTER/HAPI-JS AND FLUTTER/Latihan-hapiJS/src/routes/landing/song.landing.js
FN:11,(anonymous_0)
FN:23,(anonymous_1)
FN:37,(anonymous_2)
FN:52,(anonymous_3)
FN:74,(anonymous_4)
FN:83,(anonymous_5)
FN:85,(anonymous_6)
FN:106,(anonymous_7)
FN:115,(anonymous_8)
FN:117,(anonymous_9)
FNF:10
FNH:0
FNDA:0,(anonymous_0)
FNDA:0,(anonymous_1)
FNDA:0,(anonymous_2)
FNDA:0,(anonymous_3)
FNDA:0,(anonymous_4)
FNDA:0,(anonymous_5)
FNDA:0,(anonymous_6)
FNDA:0,(anonymous_7)
FNDA:0,(anonymous_8)
FNDA:0,(anonymous_9)
DA:4,5
DA:6,5
DA:7,5
DA:12,0
DA:24,0
DA:25,0
DA:26,0
DA:38,0
DA:39,0
DA:40,0
DA:53,0
DA:54,0
DA:55,0
DA:75,0
DA:76,0
DA:77,0
DA:78,0
DA:79,0
DA:80,0
DA:81,0
DA:82,0
DA:83,0
DA:84,0
DA:85,0
DA:86,0
DA:89,0
DA:93,0
DA:107,0
DA:108,0
DA:109,0
DA:110,0
DA:111,0
DA:112,0
DA:113,0
DA:114,0
DA:115,0
DA:116,0
DA:117,0
DA:118,0
DA:121,0
DA:125,0
LF:41
LH:3
BRDA:79,0,0,0
BRDA:79,0,1,0
BRDA:111,1,0,0
BRDA:111,1,1,0
BRF:4
BRH:0
end_of_record
TN:
SF:/home/amanullah/MUH RIFQI AMANULLAH/FLUTTER/HAPI-JS AND FLUTTER/Latihan-hapiJS/src/routes/landing/user.landing.js
FN:9,(anonymous_0)
FN:21,(anonymous_1)
FN:49,(anonymous_2)
FN:71,(anonymous_3)
FN:81,(anonymous_4)
FN:83,(anonymous_5)
FN:104,(anonymous_6)
FN:113,(anonymous_7)
FN:115,(anonymous_8)
FNF:9
FNH:0
FNDA:0,(anonymous_0)
FNDA:0,(anonymous_1)
FNDA:0,(anonymous_2)
FNDA:0,(anonymous_3)
FNDA:0,(anonymous_4)
FNDA:0,(anonymous_5)
FNDA:0,(anonymous_6)
FNDA:0,(anonymous_7)
FNDA:0,(anonymous_8)
DA:2,5
DA:3,5
DA:4,5
DA:5,5
DA:10,0
DA:22,0
DA:23,0
DA:24,0
DA:50,0
DA:51,0
DA:52,0
DA:72,0
DA:73,0
DA:74,0
DA:75,0
DA:76,0
DA:77,0
DA:78,0
DA:79,0
DA:80,0
DA:81,0
DA:82,0
DA:83,0
DA:84,0
DA:87,0
DA:91,0
DA:105,0
DA:106,0
DA:107,0
DA:108,0
DA:109,0
DA:110,0
DA:111,0
DA:112,0
DA:113,0
DA:114,0
DA:115,0
DA:116,0
DA:119,0
DA:123,0
LF:40
LH:4
BRDA:77,0,0,0
BRDA:77,0,1,0
BRDA:109,1,0,0
BRDA:109,1,1,0
BRF:4
BRH:0
end_of_record
TN:
SF:/home/amanullah/MUH RIFQI AMANULLAH/FLUTTER/HAPI-JS AND FLUTTER/Latihan-hapiJS/src/services/genre.service.js
FN:5,(anonymous_0)
FN:9,(anonymous_1)
FN:13,(anonymous_2)
FN:17,(anonymous_3)
FN:21,(anonymous_4)
FNF:5
FNH:2
FNDA:4,(anonymous_0)
FNDA:0,(anonymous_1)
FNDA:0,(anonymous_2)
FNDA:2,(anonymous_3)
FNDA:0,(anonymous_4)
DA:6,4
DA:10,0
DA:14,0
DA:18,2
DA:22,0
DA:23,0
DA:24,0
LF:7
LH:2
BRF:0
BRH:0
end_of_record
TN:
SF:/home/amanullah/MUH RIFQI AMANULLAH/FLUTTER/HAPI-JS AND FLUTTER/Latihan-hapiJS/src/services/singer.service.js
FN:5,(anonymous_0)
FN:9,(anonymous_1)
FN:13,(anonymous_2)
FN:19,(anonymous_3)
FN:23,(anonymous_4)
FN:28,(anonymous_5)
FNF:6
FNH:2
FNDA:4,(anonymous_0)
FNDA:0,(anonymous_1)
FNDA:0,(anonymous_2)
FNDA:2,(anonymous_3)
FNDA:0,(anonymous_4)
FNDA:0,(anonymous_5)
DA:6,4
DA:10,0
DA:14,0
DA:15,0
DA:16,0
DA:20,2
DA:24,0
DA:25,0
DA:26,0
DA:29,0
DA:30,0
DA:34,0
DA:35,0
LF:13
LH:2
BRDA:15,0,0,0
BRDA:15,0,1,0
BRF:2
BRH:0
end_of_record
TN:
SF:/home/amanullah/MUH RIFQI AMANULLAH/FLUTTER/HAPI-JS AND FLUTTER/Latihan-hapiJS/src/services/song.servce.js
FN:5,(anonymous_0)
FN:9,(anonymous_1)
FN:12,(anonymous_2)
FN:15,(anonymous_3)
FN:18,(anonymous_4)
FN:23,(anonymous_5)
FNF:6
FNH:0
FNDA:0,(anonymous_0)
FNDA:0,(anonymous_1)
FNDA:0,(anonymous_2)
FNDA:0,(anonymous_3)
FNDA:0,(anonymous_4)
FNDA:0,(anonymous_5)
DA:6,0
DA:10,0
DA:13,0
DA:16,0
DA:19,0
DA:20,0
DA:21,0
DA:24,0
DA:25,0
DA:29,0
DA:30,0
LF:11
LH:0
BRF:0
BRH:0
end_of_record
TN:
SF:/home/amanullah/MUH RIFQI AMANULLAH/FLUTTER/HAPI-JS AND FLUTTER/Latihan-hapiJS/src/services/user.service.js
FN:8,(anonymous_0)
FN:14,(anonymous_1)
FN:17,(anonymous_2)
FN:20,(anonymous_3)
FN:23,(anonymous_4)
FN:26,(anonymous_5)
FN:34,(anonymous_6)
FNF:7
FNH:3
FNDA:1,(anonymous_0)
FNDA:4,(anonymous_1)
FNDA:0,(anonymous_2)
FNDA:0,(anonymous_3)
FNDA:0,(anonymous_4)
FNDA:1,(anonymous_5)
FNDA:0,(anonymous_6)
DA:9,1
DA:10,1
DA:15,4
DA:18,0
DA:21,0
DA:24,0
DA:27,1
DA:28,1
DA:29,1
DA:30,1
DA:31,0
DA:32,0
DA:35,0
DA:36,0
DA:37,0
LF:15
LH:7
BRDA:31,0,0,0
BRDA:31,0,1,0
BRF:2
BRH:0
end_of_record
